
========================[ Mar 5, 2014  9:49 AM ]========================
Version 2.2.25 [Feb-01-2011]
Started database file "16s_rRNA.fa"
Formatted 1 sequences in volume 0
SUCCESS: formatted database 16s_rRNA.fa

========================[ Mar 5, 2014  9:49 AM ]========================
Version 2.2.25 [Feb-01-2011]
Started database file "eae.fa"
Formatted 1 sequences in volume 0
SUCCESS: formatted database eae.fa

========================[ Mar 5, 2014  9:49 AM ]========================
Version 2.2.25 [Feb-01-2011]
Started database file "EC-hylA.fa"
Formatted 1 sequences in volume 0
SUCCESS: formatted database EC-hylA.fa

========================[ Mar 5, 2014  9:49 AM ]========================
Version 2.2.25 [Feb-01-2011]
Started database file "H7.fa"
Formatted 1 sequences in volume 0
SUCCESS: formatted database H7.fa

========================[ Mar 5, 2014  9:49 AM ]========================
Version 2.2.25 [Feb-01-2011]
Started database file "hylA.fa"
Formatted 1 sequences in volume 0
SUCCESS: formatted database hylA.fa

========================[ Mar 5, 2014  9:49 AM ]========================
Version 2.2.25 [Feb-01-2011]
Started database file "IGS.fa"
Formatted 1 sequences in volume 0
SUCCESS: formatted database IGS.fa

========================[ Mar 5, 2014  9:49 AM ]========================
Version 2.2.25 [Feb-01-2011]
Started database file "inlJ.fa"
Formatted 1 sequences in volume 0
SUCCESS: formatted database inlJ.fa

========================[ Mar 5, 2014  9:49 AM ]========================
Version 2.2.25 [Feb-01-2011]
Started database file "O_antigens.fa"
Formatted 7 sequences in volume 0
SUCCESS: formatted database O_antigens.fa

========================[ Mar 5, 2014  9:49 AM ]========================
Version 2.2.25 [Feb-01-2011]
Started database file "VT1.fa"
Formatted 1 sequences in volume 0
SUCCESS: formatted database VT1.fa

========================[ Mar 5, 2014  9:49 AM ]========================
Version 2.2.25 [Feb-01-2011]
Started database file "VT2.fa"
Formatted 1 sequences in volume 0
SUCCESS: formatted database VT2.fa

========================[ Mar 5, 2014  9:49 AM ]========================
Version 2.2.25 [Feb-01-2011]
Started database file "Z2099.fa"
Formatted 1 sequences in volume 0
SUCCESS: formatted database Z2099.fa

========================[ Mar 5, 2014 10:31 AM ]========================
Version 2.2.25 [Feb-01-2011]
Started database file "ReferenceOTypes.fa"
Formatted 97 sequences in volume 0
SUCCESS: formatted database ReferenceOTypes.fa

========================[ Mar 5, 2014 10:45 AM ]========================
Version 2.2.25 [Feb-01-2011]
Started database file "ReferenceOTypes.fa"
Formatted 97 sequences in volume 0
SUCCESS: formatted database ReferenceOTypes.fa

========================[ Mar 5, 2014 10:49 AM ]========================
Version 2.2.25 [Feb-01-2011]
Started database file "ReferenceOTypes.fa"
Formatted 97 sequences in volume 0
SUCCESS: formatted database ReferenceOTypes.fa

========================[ Mar 5, 2014  1:55 PM ]========================
Version 2.2.25 [Feb-01-2011]
Started database file "hylA_EC.fa"
Formatted 1 sequences in volume 0
SUCCESS: formatted database hylA_EC.fa

========================[ Mar 5, 2014  1:55 PM ]========================
Version 2.2.25 [Feb-01-2011]
Started database file "OType.fa"
Formatted 97 sequences in volume 0
SUCCESS: formatted database OType.fa

========================[ Mar 6, 2014 11:26 AM ]========================
Version 2.2.25 [Feb-01-2011]
Started database file "LEE.fa"
Formatted 1 sequences in volume 0
SUCCESS: formatted database LEE.fa
